0 info it worked if it ends with ok
1 verbose cli [ 'C:\\Program Files\\nodejs\\node.exe',
1 verbose cli   'C:\\Users\\herbert.hernandez\\AppData\\Roaming\\npm\\node_modules\\npm\\bin\\npm-cli.js',
1 verbose cli   'start' ]
2 info using npm@3.5.0
3 info using node@v5.3.0
4 verbose run-script [ 'prestart', 'start', 'poststart' ]
5 info lifecycle angular2-quickstart@1.0.0~prestart: angular2-quickstart@1.0.0
6 silly lifecycle angular2-quickstart@1.0.0~prestart: no script for prestart, continuing
7 info lifecycle angular2-quickstart@1.0.0~start: angular2-quickstart@1.0.0
8 verbose lifecycle angular2-quickstart@1.0.0~start: unsafe-perm in lifecycle true
9 verbose lifecycle angular2-quickstart@1.0.0~start: PATH: C:\Users\herbert.hernandez\AppData\Roaming\npm\node_modules\npm\bin\node-gyp-bin;C:\Users\herbert.hernandez\angular-app\quickstart\node_modules\.bin;C:\cmder\bin;C:\Program Files (x86)\Git\bin;C:\Program Files (x86)\Git\usr\bin;C:\Program Files (x86)\Git\share\vim\vim74;C:\cmder\vendor\conemu-maximus5;C:\cmder\vendor\conemu-maximus5\ConEmu;C:\Ruby22-x64\bin;C:\ProgramData\Oracle\Java\javapath;c:\Program Files (x86)\AMD APP\bin\x86_64;c:\Program Files (x86)\AMD APP\bin\x86;C:\Program Files (x86)\Intel\iCLS Client\;C:\Program Files\Intel\iCLS Client\;C:\Windows\system32;C:\Windows;C:\Windows\System32\Wbem;C:\Windows\System32\WindowsPowerShell\v1.0\;C:\Program Files\Intel\Intel(R) Management Engine Components\DAL;C:\Program Files\Intel\Intel(R) Management Engine Components\IPT;C:\Program Files (x86)\Intel\Intel(R) Management Engine Components\DAL;C:\Program Files (x86)\Intel\Intel(R) Management Engine Components\IPT;c:\Program Files (x86)\ATI Technologies\ATI.ACE\Core-Static;C:\Program Files (x86)\Plantronics\PlantronicsURE\;C:\Program Files (x86)\Git\cmd;C:\Program Files (x86)\Git\bin;C:\Program Files\TortoiseSVN\bin;C:\xampp\php;C:\ProgramData\ComposerSetup\bin;C:\Users\herbert.hernandez\AppData\Roaming\npm;C:\Users\herbert.hernandez\AppData\Roaming\npm\node_modules\cordova\bin;C:\Program Files (x86)\Java\jdk1.6.0_38\bin\;C:\ide\Android\sdk\android-sdk\tools\;C:\ide\Android\sdk\android-sdk\platform-tools\;C:\Program Files\WinRAR\;C:\Program Files (x86)\Nmap\;C:\Program Files\cURL\bin;C:\Program Files (x86)\GNU\GnuPG\pub;C:\Program Files (x86)\Skype\Phone\;C:\cmder;C:\Users\herbert.hernandez\AppData\Roaming\nvm;C:\Program Files\nodejs;C:\Users\herbert.hernandez\AppData\Roaming\nvm\;C:\PROGRA~2\Groovy\GROOVY~1.5\bin;C:\Users\herbert.hernandez\EAP-6.4.0\\bin;C:\Go\bin;C:\gradle-2.13\bin;C:\Program Files (x86)\Nmap;C:\Users\herbert.hernandez\AppData\Roaming\npm\node_modules\cordova\bin;C:\Users\herbert.hernandez\AppData\Roaming\npm;C:\Program Files (x86)\Java\jdk1.6.0_38\bin\;C:\ide\Android\sdk\android-sdk\tools;C:\ide\Android\sdk\android-sdk\platform-tools;C:\Program Files (x86)\WinAnt\bin;C:\Program Files\WinRAR\;C:\Program Files (x86)\Nmap\;C:\Ruby22-x64\bin\;C:\cmder;C:\Users\herbert.hernandez\AppData\Roaming\nvm;C:\Program Files\nodejs;C:\grails-3.0.11\bin;C:\gradle-2.13\bin;C:\Users\herbert.hernandez\AppData\Local\atom\bin;C:\cmder
10 verbose lifecycle angular2-quickstart@1.0.0~start: CWD: C:\Users\herbert.hernandez\angular-app\quickstart
11 silly lifecycle angular2-quickstart@1.0.0~start: Args: [ '/d /s /c', 'tsc && concurrently "tsc -w" "lite-server" ' ]
12 silly lifecycle angular2-quickstart@1.0.0~start: Returned: code: 2  signal: null
13 info lifecycle angular2-quickstart@1.0.0~start: Failed to exec start script
14 verbose stack Error: angular2-quickstart@1.0.0 start: `tsc && concurrently "tsc -w" "lite-server" `
14 verbose stack Exit status 2
14 verbose stack     at EventEmitter.<anonymous> (C:\Users\herbert.hernandez\AppData\Roaming\npm\node_modules\npm\lib\utils\lifecycle.js:232:16)
14 verbose stack     at emitTwo (events.js:87:13)
14 verbose stack     at EventEmitter.emit (events.js:172:7)
14 verbose stack     at ChildProcess.<anonymous> (C:\Users\herbert.hernandez\AppData\Roaming\npm\node_modules\npm\lib\utils\spawn.js:24:14)
14 verbose stack     at emitTwo (events.js:87:13)
14 verbose stack     at ChildProcess.emit (events.js:172:7)
14 verbose stack     at maybeClose (internal/child_process.js:818:16)
14 verbose stack     at Process.ChildProcess._handle.onexit (internal/child_process.js:211:5)
15 verbose pkgid angular2-quickstart@1.0.0
16 verbose cwd C:\Users\herbert.hernandez\angular-app\quickstart
17 error Windows_NT 6.1.7601
18 error argv "C:\\Program Files\\nodejs\\node.exe" "C:\\Users\\herbert.hernandez\\AppData\\Roaming\\npm\\node_modules\\npm\\bin\\npm-cli.js" "start"
19 error node v5.3.0
20 error npm  v3.5.0
21 error code ELIFECYCLE
22 error angular2-quickstart@1.0.0 start: `tsc && concurrently "tsc -w" "lite-server" `
22 error Exit status 2
23 error Failed at the angular2-quickstart@1.0.0 start script 'tsc && concurrently "tsc -w" "lite-server" '.
23 error Make sure you have the latest version of node.js and npm installed.
23 error If you do, this is most likely a problem with the angular2-quickstart package,
23 error not with npm itself.
23 error Tell the author that this fails on your system:
23 error     tsc && concurrently "tsc -w" "lite-server"
23 error You can get their info via:
23 error     npm owner ls angular2-quickstart
23 error There is likely additional logging output above.
24 verbose exit [ 1, true ]
